0 info it worked if it ends with ok
1 verbose cli [ 'D:\\node\\node.exe',
1 verbose cli   'D:\\node\\node_modules\\npm\\bin\\npm-cli.js',
1 verbose cli   'run',
1 verbose cli   'dev' ]
2 info using npm@2.14.4
3 info using node@v4.1.1
4 verbose stack Error: missing script: dev
4 verbose stack     at run (D:\node\node_modules\npm\lib\run-script.js:142:19)
4 verbose stack     at D:\node\node_modules\npm\lib\run-script.js:58:5
4 verbose stack     at D:\node\node_modules\npm\node_modules\read-package-json\read-json.js:345:5
4 verbose stack     at checkBinReferences_ (D:\node\node_modules\npm\node_modules\read-package-json\read-json.js:309:45)
4 verbose stack     at final (D:\node\node_modules\npm\node_modules\read-package-json\read-json.js:343:3)
4 verbose stack     at then (D:\node\node_modules\npm\node_modules\read-package-json\read-json.js:113:5)
4 verbose stack     at D:\node\node_modules\npm\node_modules\read-package-json\read-json.js:300:12
4 verbose stack     at D:\node\node_modules\npm\node_modules\graceful-fs\graceful-fs.js:76:16
4 verbose stack     at FSReqWrap.readFileAfterClose [as oncomplete] (fs.js:380:3)
5 verbose cwd D:\myGit\xxnr-web
6 error Windows_NT 10.0.10586
7 error argv "D:\\node\\node.exe" "D:\\node\\node_modules\\npm\\bin\\npm-cli.js" "run" "dev"
8 error node v4.1.1
9 error npm  v2.14.4
10 error missing script: dev
11 error If you need help, you may report this error at:
11 error     <https://github.com/npm/npm/issues>
12 verbose exit [ 1, true ]
